# JRE version: Java(TM) SE Runtime Environment (8.0_201-b09) (build 1.8.0_201-b09)
# Java VM: Java HotSpot(TM) 64-Bit Server VM (25.201-b09 mixed mode windows-amd64 compressed oops)
Heap:
 PSYoungGen      total 70144K, used 6590K [0x00000000e0000000, 0x00000000e5700000, 0x0000000100000000)
  eden space 54272K, 12% used [0x00000000e0000000,0x00000000e066f8c0,0x00000000e3500000)
  from space 15872K, 0% used [0x00000000e4780000,0x00000000e4780000,0x00000000e5700000)
  to   space 17408K, 0% used [0x00000000e3500000,0x00000000e3500000,0x00000000e4600000)
 ParOldGen       total 121856K, used 10860K [0x00000000a0000000, 0x00000000a7700000, 0x00000000e0000000)
  object space 121856K, 8% used [0x00000000a0000000,0x00000000a0a9b0b0,0x00000000a7700000)
 Metaspace       used 35962K, capacity 36886K, committed 37080K, reserved 1081344K
  class space    used 4612K, capacity 4793K, committed 4864K, reserved 1048576K
GC Heap History (10 events):
Event: 1895.812 GC heap before
{Heap before GC invocations=12 (full 0):
 PSYoungGen      total 58368K, used 23861K [0x00000000e0000000, 0x00000000e5a00000, 0x0000000100000000)
  eden space 57344K, 40% used [0x00000000e0000000,0x00000000e16957c8,0x00000000e3800000)
  from space 1024K, 71% used [0x00000000e3900000,0x00000000e39b8000,0x00000000e3a00000)
  to   space 17408K, 0% used [0x00000000e4900000,0x00000000e4900000,0x00000000e5a00000)
 ParOldGen       total 175104K, used 14951K [0x00000000a0000000, 0x00000000aab00000, 0x00000000e0000000)
  object space 175104K, 8% used [0x00000000a0000000,0x00000000a0e99e90,0x00000000aab00000)
 Metaspace       used 20759K, capacity 21122K, committed 21248K, reserved 1069056K
  class space    used 2097K, capacity 2224K, committed 2304K, reserved 1048576K
Event: 1895.814 GC heap after
Heap after GC invocations=12 (full 0):
 PSYoungGen      total 71680K, used 3394K [0x00000000e0000000, 0x00000000e5800000, 0x0000000100000000)
  eden space 56320K, 0% used [0x00000000e0000000,0x00000000e0000000,0x00000000e3700000)
  from space 15360K, 22% used [0x00000000e4900000,0x00000000e4c508d8,0x00000000e5800000)
  to   space 16896K, 0% used [0x00000000e3700000,0x00000000e3700000,0x00000000e4780000)
 ParOldGen       total 175104K, used 15063K [0x00000000a0000000, 0x00000000aab00000, 0x00000000e0000000)
  object space 175104K, 8% used [0x00000000a0000000,0x00000000a0eb5e90,0x00000000aab00000)
 Metaspace       used 20759K, capacity 21122K, committed 21248K, reserved 1069056K
  class space    used 2097K, capacity 2224K, committed 2304K, reserved 1048576K
}
Event: 1895.814 GC heap before
{Heap before GC invocations=13 (full 1):
 PSYoungGen      total 71680K, used 3394K [0x00000000e0000000, 0x00000000e5800000, 0x0000000100000000)
  eden space 56320K, 0% used [0x00000000e0000000,0x00000000e0000000,0x00000000e3700000)
  from space 15360K, 22% used [0x00000000e4900000,0x00000000e4c508d8,0x00000000e5800000)
  to   space 16896K, 0% used [0x00000000e3700000,0x00000000e3700000,0x00000000e4780000)
 ParOldGen       total 175104K, used 15063K [0x00000000a0000000, 0x00000000aab00000, 0x00000000e0000000)
  object space 175104K, 8% used [0x00000000a0000000,0x00000000a0eb5e90,0x00000000aab00000)
 Metaspace       used 20759K, capacity 21122K, committed 21248K, reserved 1069056K
  class space    used 2097K, capacity 2224K, committed 2304K, reserved 1048576K
Event: 1895.852 GC heap after
Heap after GC invocations=13 (full 1):
 PSYoungGen      total 71680K, used 0K [0x00000000e0000000, 0x00000000e5800000, 0x0000000100000000)
  eden space 56320K, 0% used [0x00000000e0000000,0x00000000e0000000,0x00000000e3700000)
  from space 15360K, 0% used [0x00000000e4900000,0x00000000e4900000,0x00000000e5800000)
  to   space 16896K, 0% used [0x00000000e3700000,0x00000000e3700000,0x00000000e4780000)
 ParOldGen       total 75776K, used 7195K [0x00000000a0000000, 0x00000000a4a00000, 0x00000000e0000000)
  object space 75776K, 9% used [0x00000000a0000000,0x00000000a0706cd8,0x00000000a4a00000)
 Metaspace       used 20685K, capacity 21004K, committed 21248K, reserved 1069056K
  class space    used 2084K, capacity 2201K, committed 2304K, reserved 1048576K
}
Event: 1897.096 GC heap before
{Heap before GC invocations=14 (full 1):
 PSYoungGen      total 71680K, used 56320K [0x00000000e0000000, 0x00000000e5800000, 0x0000000100000000)
  eden space 56320K, 100% used [0x00000000e0000000,0x00000000e3700000,0x00000000e3700000)
  from space 15360K, 0% used [0x00000000e4900000,0x00000000e4900000,0x00000000e5800000)
  to   space 16896K, 0% used [0x00000000e3700000,0x00000000e3700000,0x00000000e4780000)
 ParOldGen       total 75776K, used 7195K [0x00000000a0000000, 0x00000000a4a00000, 0x00000000e0000000)
  object space 75776K, 9% used [0x00000000a0000000,0x00000000a0706cd8,0x00000000a4a00000)
 Metaspace       used 32633K, capacity 33394K, committed 33664K, reserved 1079296K
  class space    used 4065K, capacity 4213K, committed 4224K, reserved 1048576K
Event: 1897.101 GC heap after
Heap after GC invocations=14 (full 1):
 PSYoungGen      total 72192K, used 11619K [0x00000000e0000000, 0x00000000e5900000, 0x0000000100000000)
  eden space 55296K, 0% used [0x00000000e0000000,0x00000000e0000000,0x00000000e3600000)
  from space 16896K, 68% used [0x00000000e3700000,0x00000000e4258fb8,0x00000000e4780000)
  to   space 17920K, 0% used [0x00000000e4780000,0x00000000e4780000,0x00000000e5900000)
 ParOldGen       total 75776K, used 7203K [0x00000000a0000000, 0x00000000a4a00000, 0x00000000e0000000)
  object space 75776K, 9% used [0x00000000a0000000,0x00000000a0708cd8,0x00000000a4a00000)
 Metaspace       used 32633K, capacity 33394K, committed 33664K, reserved 1079296K
  class space    used 4065K, capacity 4213K, committed 4224K, reserved 1048576K
}
Event: 1897.244 GC heap before
{Heap before GC invocations=15 (full 1):
 PSYoungGen      total 72192K, used 19215K [0x00000000e0000000, 0x00000000e5900000, 0x0000000100000000)
  eden space 55296K, 13% used [0x00000000e0000000,0x00000000e076ac60,0x00000000e3600000)
  from space 16896K, 68% used [0x00000000e3700000,0x00000000e4258fb8,0x00000000e4780000)
  to   space 17920K, 0% used [0x00000000e4780000,0x00000000e4780000,0x00000000e5900000)
 ParOldGen       total 75776K, used 7203K [0x00000000a0000000, 0x00000000a4a00000, 0x00000000e0000000)
  object space 75776K, 9% used [0x00000000a0000000,0x00000000a0708cd8,0x00000000a4a00000)
 Metaspace       used 34421K, capacity 35260K, committed 35416K, reserved 1081344K
  class space    used 4301K, capacity 4470K, committed 4480K, reserved 1048576K
Event: 1897.250 GC heap after
Heap after GC invocations=15 (full 1):
 PSYoungGen      total 70144K, used 2078K [0x00000000e0000000, 0x00000000e5700000, 0x0000000100000000)
  eden space 54272K, 0% used [0x00000000e0000000,0x00000000e0000000,0x00000000e3500000)
  from space 15872K, 13% used [0x00000000e4780000,0x00000000e4987810,0x00000000e5700000)
  to   space 17408K, 0% used [0x00000000e3500000,0x00000000e3500000,0x00000000e4600000)
 ParOldGen       total 75776K, used 11221K [0x00000000a0000000, 0x00000000a4a00000, 0x00000000e0000000)
  object space 75776K, 14% used [0x00000000a0000000,0x00000000a0af54a8,0x00000000a4a00000)
 Metaspace       used 34421K, capacity 35260K, committed 35416K, reserved 1081344K
  class space    used 4301K, capacity 4470K, committed 4480K, reserved 1048576K
}
Event: 1897.250 GC heap before
{Heap before GC invocations=16 (full 2):
 PSYoungGen      total 70144K, used 2078K [0x00000000e0000000, 0x00000000e5700000, 0x0000000100000000)
  eden space 54272K, 0% used [0x00000000e0000000,0x00000000e0000000,0x00000000e3500000)
  from space 15872K, 13% used [0x00000000e4780000,0x00000000e4987810,0x00000000e5700000)
  to   space 17408K, 0% used [0x00000000e3500000,0x00000000e3500000,0x00000000e4600000)
 ParOldGen       total 75776K, used 11221K [0x00000000a0000000, 0x00000000a4a00000, 0x00000000e0000000)
  object space 75776K, 14% used [0x00000000a0000000,0x00000000a0af54a8,0x00000000a4a00000)
 Metaspace       used 34421K, capacity 35260K, committed 35416K, reserved 1081344K
  class space    used 4301K, capacity 4470K, committed 4480K, reserved 1048576K
Event: 1897.300 GC heap after
Heap after GC invocations=16 (full 2):
 PSYoungGen      total 70144K, used 0K [0x00000000e0000000, 0x00000000e5700000, 0x0000000100000000)
  eden space 54272K, 0% used [0x00000000e0000000,0x00000000e0000000,0x00000000e3500000)
  from space 15872K, 0% used [0x00000000e4780000,0x00000000e4780000,0x00000000e5700000)
  to   space 17408K, 0% used [0x00000000e3500000,0x00000000e3500000,0x00000000e4600000)
 ParOldGen       total 121856K, used 10860K [0x00000000a0000000, 0x00000000a7700000, 0x00000000e0000000)
  object space 121856K, 8% used [0x00000000a0000000,0x00000000a0a9b0b0,0x00000000a7700000)
 Metaspace       used 34421K, capacity 35260K, committed 35416K, reserved 1081344K
  class space    used 4301K, capacity 4470K, committed 4480K, reserved 1048576K
}

